<?xml version="1.0" encoding="UTF-8"?>
<testng-results ignored="0" total="1" passed="1" failed="0" skipped="0">
  <reporter-output>
  </reporter-output>
  <suite started-at="2020-01-22T09:47:31Z" name="Default suite" finished-at="2020-01-22T09:47:59Z" duration-ms="27079">
    <groups>
    </groups>
    <test started-at="2020-01-22T09:47:31Z" name="Default test" finished-at="2020-01-22T09:47:59Z" duration-ms="27079">
      <class name="com.bridgelabz.keyworddriven.FacebookLoginTest">
        <test-method signature="LoginTest()[pri:0, instance:com.bridgelabz.keyworddriven.FacebookLoginTest@4ae3c1cd]" started-at="2020-01-22T09:47:31Z" name="LoginTest" finished-at="2020-01-22T09:47:58Z" duration-ms="27048" status="PASS">
          <reporter-output>
          </reporter-output>
        </test-method> <!-- LoginTest -->
      </class> <!-- com.bridgelabz.keyworddriven.FacebookLoginTest -->
    </test> <!-- Default test -->
  </suite> <!-- Default suite -->
</testng-results>
