<?xml version="1.0" encoding="UTF-8"?>
<testng-results ignored="0" total="3" passed="3" failed="0" skipped="0">
  <reporter-output>
  </reporter-output>
  <suite started-at="2020-01-30T08:29:24Z" name="Default suite" finished-at="2020-01-30T08:29:58Z" duration-ms="33951">
    <groups>
    </groups>
    <test started-at="2020-01-30T08:29:24Z" name="Default test" finished-at="2020-01-30T08:29:58Z" duration-ms="33951">
      <class name="com.bridgelabz.linkedin.testcases.SignInPageTest">
        <test-method is-config="true" signature="beginTest()[pri:0, instance:com.bridgelabz.linkedin.testcases.SignInPageTest@48524010]" started-at="2020-01-30T08:29:24Z" name="beginTest" finished-at="2020-01-30T08:29:32Z" duration-ms="7846" status="PASS">
          <reporter-output>
          </reporter-output>
        </test-method> <!-- beginTest -->
        <test-method signature="JsonSignInTest(java.lang.String)[pri:0, instance:com.bridgelabz.linkedin.testcases.SignInPageTest@48524010]" started-at="2020-01-30T08:29:32Z" name="JsonSignInTest" data-provider="JsonData" finished-at="2020-01-30T08:29:40Z" duration-ms="8270" status="PASS">
          <params>
            <param index="0">
              <value>
                <![CDATA[Mayuresh Sonar,Mayur@123456789]]>
              </value>
            </param>
          </params>
          <reporter-output>
          </reporter-output>
        </test-method> <!-- JsonSignInTest -->
        <test-method is-config="true" signature="endTest()[pri:0, instance:com.bridgelabz.linkedin.testcases.SignInPageTest@48524010]" started-at="2020-01-30T08:29:40Z" name="endTest" finished-at="2020-01-30T08:29:40Z" duration-ms="82" status="PASS">
          <reporter-output>
          </reporter-output>
        </test-method> <!-- endTest -->
        <test-method is-config="true" signature="beginTest()[pri:0, instance:com.bridgelabz.linkedin.testcases.SignInPageTest@48524010]" started-at="2020-01-30T08:29:40Z" name="beginTest" finished-at="2020-01-30T08:29:43Z" duration-ms="2921" status="PASS">
          <reporter-output>
          </reporter-output>
        </test-method> <!-- beginTest -->
        <test-method signature="JsonSignInTest(java.lang.String)[pri:0, instance:com.bridgelabz.linkedin.testcases.SignInPageTest@48524010]" started-at="2020-01-30T08:29:43Z" name="JsonSignInTest" data-provider="JsonData" finished-at="2020-01-30T08:29:49Z" duration-ms="5665" status="PASS">
          <params>
            <param index="0">
              <value>
                <![CDATA[Ankush Kumar,Ankush@123456789]]>
              </value>
            </param>
          </params>
          <reporter-output>
          </reporter-output>
        </test-method> <!-- JsonSignInTest -->
        <test-method is-config="true" signature="endTest()[pri:0, instance:com.bridgelabz.linkedin.testcases.SignInPageTest@48524010]" started-at="2020-01-30T08:29:49Z" name="endTest" finished-at="2020-01-30T08:29:49Z" duration-ms="130" status="PASS">
          <reporter-output>
          </reporter-output>
        </test-method> <!-- endTest -->
        <test-method is-config="true" signature="beginTest()[pri:0, instance:com.bridgelabz.linkedin.testcases.SignInPageTest@48524010]" started-at="2020-01-30T08:29:49Z" name="beginTest" finished-at="2020-01-30T08:29:51Z" duration-ms="2355" status="PASS">
          <reporter-output>
          </reporter-output>
        </test-method> <!-- beginTest -->
        <test-method signature="JsonSignInTest(java.lang.String)[pri:0, instance:com.bridgelabz.linkedin.testcases.SignInPageTest@48524010]" started-at="2020-01-30T08:29:51Z" name="JsonSignInTest" data-provider="JsonData" finished-at="2020-01-30T08:29:58Z" duration-ms="6534" status="PASS">
          <params>
            <param index="0">
              <value>
                <![CDATA[Sachin Barpete,Sachin@123456789]]>
              </value>
            </param>
          </params>
          <reporter-output>
          </reporter-output>
        </test-method> <!-- JsonSignInTest -->
        <test-method is-config="true" signature="endTest()[pri:0, instance:com.bridgelabz.linkedin.testcases.SignInPageTest@48524010]" started-at="2020-01-30T08:29:58Z" name="endTest" finished-at="2020-01-30T08:29:58Z" duration-ms="119" status="PASS">
          <reporter-output>
          </reporter-output>
        </test-method> <!-- endTest -->
      </class> <!-- com.bridgelabz.linkedin.testcases.SignInPageTest -->
    </test> <!-- Default test -->
  </suite> <!-- Default suite -->
</testng-results>
