<?xml version="1.0" encoding="UTF-8"?>
<!-- Generated by org.testng.reporters.JUnitXMLReporter -->
<testsuite ignored="0" hostname="admin1-H110M-H" failures="0" tests="11" name="Default test" time="77.695" errors="0" timestamp="27 Jan 2020 10:39:18 GMT">
  <testcase classname="com.bridgelabz.linkedin.testcases.SignInPageTest" name="SignInTest" time="9.938"/>
  <testcase classname="com.bridgelabz.linkedin.testcases.SignInPageTest" name="SignInTest" time="6.159"/>
  <testcase classname="com.bridgelabz.linkedin.testcases.SignInPageTest" name="SignInTest" time="5.901"/>
  <testcase classname="com.bridgelabz.linkedin.testcases.SignInPageTest" name="SignInTest" time="6.122"/>
  <testcase classname="com.bridgelabz.linkedin.testcases.SignInPageTest" name="SignInTest" time="5.823"/>
  <testcase classname="com.bridgelabz.linkedin.testcases.SignInPageTest" name="SignInTest" time="6.009"/>
  <testcase classname="com.bridgelabz.linkedin.testcases.SignInPageTest" name="validateForgetPasswordLinkTest" time="8.161"/>
  <testcase classname="com.bridgelabz.linkedin.testcases.SignInPageTest" name="validateHidePasswordTest" time="2.05"/>
  <testcase classname="com.bridgelabz.linkedin.testcases.SignInPageTest" name="validateJoinNowLinkTest" time="1.423"/>
  <testcase classname="com.bridgelabz.linkedin.testcases.SignInPageTest" name="validateShowPasswordTest" time="2.012"/>
  <testcase classname="com.bridgelabz.linkedin.testcases.SignInPageTest" name="verifySignInPageTitleTest" time="0.968"/>
</testsuite> <!-- Default test -->
