<?xml version="1.0" encoding="UTF-8"?>
<!-- Generated by org.testng.reporters.JUnitXMLReporter -->
<testsuite ignored="0" hostname="admin1-H110M-H" failures="0" tests="3" name="Default test" time="33.951" errors="0" timestamp="30 Jan 2020 08:29:58 GMT">
  <testcase classname="com.bridgelabz.linkedin.testcases.SignInPageTest" name="JsonSignInTest" time="8.27"/>
  <testcase classname="com.bridgelabz.linkedin.testcases.SignInPageTest" name="JsonSignInTest" time="5.665"/>
  <testcase classname="com.bridgelabz.linkedin.testcases.SignInPageTest" name="JsonSignInTest" time="6.534"/>
</testsuite> <!-- Default test -->
