<?xml version="1.0" encoding="UTF-8"?>
<testng-results ignored="0" total="1" passed="1" failed="0" skipped="0">
  <reporter-output>
  </reporter-output>
  <suite started-at="2020-01-11T12:51:45 IST" name="Default suite" finished-at="2020-01-11T12:51:45 IST" duration-ms="65">
    <groups>
    </groups>
    <test started-at="2020-01-11T12:51:45 IST" name="Default test" finished-at="2020-01-11T12:51:45 IST" duration-ms="65">
      <class name="com.bridgelabz.selenium.Connectivity">
        <test-method signature="Sum()[pri:0, instance:com.bridgelabz.selenium.Connectivity@f2f2cc1]" started-at="2020-01-11T12:51:45 IST" name="Sum" finished-at="2020-01-11T12:51:45 IST" duration-ms="16" status="PASS">
          <reporter-output>
          </reporter-output>
        </test-method> <!-- Sum -->
      </class> <!-- com.bridgelabz.selenium.Connectivity -->
    </test> <!-- Default test -->
  </suite> <!-- Default suite -->
</testng-results>
