<?xml version="1.0" encoding="UTF-8"?>
<!-- Generated by org.testng.reporters.JUnitXMLReporter -->
<testsuite ignored="0" hostname="admin1-H110M-H" failures="0" tests="3" name="Default test" time="113.913" errors="0" timestamp="24 Jan 2020 13:18:28 GMT">
  <testcase classname="com.bridgelabz.datadriven.FacebookLoginTest" name="LoginTest" time="31.479"/>
  <testcase classname="com.bridgelabz.datadriven.FacebookLoginTest" name="LoginTest" time="14.671"/>
  <testcase classname="com.bridgelabz.datadriven.FacebookLoginTest" name="LoginTest" time="23.596"/>
</testsuite> <!-- Default test -->
