<?xml version="1.0" encoding="UTF-8"?>
<!-- Generated by org.testng.reporters.JUnitXMLReporter -->
<testsuite ignored="0" hostname="admin1-H110M-H" failures="0" tests="3" name="Default test" time="52.205" errors="0" timestamp="21 Jan 2020 06:26:31 GMT">
  <testcase classname="com.bridgelabz.datadriven.FacebookLoginTest" name="LoginTest" time="7.736"/>
  <testcase classname="com.bridgelabz.datadriven.FacebookLoginTest" name="LoginTest" time="8.693"/>
  <testcase classname="com.bridgelabz.datadriven.FacebookLoginTest" name="LoginTest" time="22.233"/>
</testsuite> <!-- Default test -->
