<?xml version="1.0" encoding="UTF-8"?>
<testng-results ignored="0" total="4" passed="4" failed="0" skipped="0">
  <reporter-output>
  </reporter-output>
  <suite started-at="2020-01-15T12:33:59Z" name="Default suite" finished-at="2020-01-15T12:34:44Z" duration-ms="45274">
    <groups>
    </groups>
    <test started-at="2020-01-15T12:33:59Z" name="Default test" finished-at="2020-01-15T12:34:44Z" duration-ms="45274">
      <class name="com.bridgelabz.seleniumkeys.AppTest">
        <test-method signature="EmailIdTextFieldSeleted()[pri:0, instance:com.bridgelabz.seleniumkeys.AppTest@55040f2f]" started-at="2020-01-15T12:33:59Z" name="EmailIdTextFieldSeleted" finished-at="2020-01-15T12:34:11Z" duration-ms="12025" status="PASS">
          <reporter-output>
          </reporter-output>
        </test-method> <!-- EmailIdTextFieldSeleted -->
        <test-method signature="LoginTextFieldAlignment()[pri:0, instance:com.bridgelabz.seleniumkeys.AppTest@55040f2f]" started-at="2020-01-15T12:34:11Z" name="LoginTextFieldAlignment" finished-at="2020-01-15T12:34:23Z" duration-ms="11976" status="PASS">
          <reporter-output>
          </reporter-output>
        </test-method> <!-- LoginTextFieldAlignment -->
        <test-method signature="LoginTextFieldDisplayed()[pri:0, instance:com.bridgelabz.seleniumkeys.AppTest@55040f2f]" started-at="2020-01-15T12:34:23Z" name="LoginTextFieldDisplayed" finished-at="2020-01-15T12:34:36Z" duration-ms="12776" status="PASS">
          <reporter-output>
          </reporter-output>
        </test-method> <!-- LoginTextFieldDisplayed -->
        <test-method signature="LoginTextFieldEnabled()[pri:0, instance:com.bridgelabz.seleniumkeys.AppTest@55040f2f]" started-at="2020-01-15T12:34:36Z" name="LoginTextFieldEnabled" finished-at="2020-01-15T12:34:44Z" duration-ms="8470" status="PASS">
          <reporter-output>
          </reporter-output>
        </test-method> <!-- LoginTextFieldEnabled -->
      </class> <!-- com.bridgelabz.seleniumkeys.AppTest -->
    </test> <!-- Default test -->
  </suite> <!-- Default suite -->
</testng-results>
