<?xml version="1.0" encoding="UTF-8"?>
<testng-results ignored="0" total="5" passed="5" failed="0" skipped="0">
  <reporter-output>
  </reporter-output>
  <suite started-at="2020-01-16T08:41:54Z" name="Default suite" finished-at="2020-01-16T08:41:54Z" duration-ms="506">
    <groups>
    </groups>
    <test started-at="2020-01-16T08:41:54Z" name="Default test" finished-at="2020-01-16T08:41:54Z" duration-ms="506">
      <class name="com.bridgelabz.seleniumkeys.AppTest">
        <test-method is-config="true" signature="openBrowser()[pri:0, instance:com.bridgelabz.seleniumkeys.AppTest@55a1c291]" started-at="2020-01-16T08:41:50Z" name="openBrowser" finished-at="2020-01-16T08:41:54Z" duration-ms="3247" status="PASS">
          <reporter-output>
          </reporter-output>
        </test-method> <!-- openBrowser -->
        <test-method signature="GameLinkValidation()[pri:0, instance:com.bridgelabz.seleniumkeys.AppTest@55a1c291]" started-at="2020-01-16T08:41:54Z" name="GameLinkValidation" description="Checking the Game Link is validated" finished-at="2020-01-16T08:41:54Z" duration-ms="46" status="PASS">
          <reporter-output>
          </reporter-output>
        </test-method> <!-- GameLinkValidation -->
        <test-method signature="RegistrationRadioButtonValidation()[pri:0, instance:com.bridgelabz.seleniumkeys.AppTest@55a1c291]" started-at="2020-01-16T08:41:54Z" name="RegistrationRadioButtonValidation" description="Checking the Radio Button is validated" finished-at="2020-01-16T08:41:54Z" duration-ms="32" status="PASS">
          <reporter-output>
          </reporter-output>
        </test-method> <!-- RegistrationRadioButtonValidation -->
        <test-method signature="GenderRadioButtonSelected()[pri:1, instance:com.bridgelabz.seleniumkeys.AppTest@55a1c291]" started-at="2020-01-16T08:41:54Z" name="GenderRadioButtonSelected" finished-at="2020-01-16T08:41:54Z" duration-ms="111" status="PASS">
          <reporter-output>
          </reporter-output>
        </test-method> <!-- GenderRadioButtonSelected -->
        <test-method signature="LoginTextFieldDisplayedEnabled()[pri:2, instance:com.bridgelabz.seleniumkeys.AppTest@55a1c291]" started-at="2020-01-16T08:41:54Z" name="LoginTextFieldDisplayedEnabled" finished-at="2020-01-16T08:41:54Z" duration-ms="232" status="PASS">
          <reporter-output>
          </reporter-output>
        </test-method> <!-- LoginTextFieldDisplayedEnabled -->
        <test-method signature="LoginTextFieldAlignment()[pri:3, instance:com.bridgelabz.seleniumkeys.AppTest@55a1c291]" started-at="2020-01-16T08:41:54Z" name="LoginTextFieldAlignment" finished-at="2020-01-16T08:41:54Z" duration-ms="61" status="PASS">
          <reporter-output>
          </reporter-output>
        </test-method> <!-- LoginTextFieldAlignment -->
        <test-method is-config="true" signature="close()[pri:0, instance:com.bridgelabz.seleniumkeys.AppTest@55a1c291]" started-at="2020-01-16T08:41:54Z" name="close" finished-at="2020-01-16T08:41:54Z" duration-ms="164" status="PASS">
          <reporter-output>
          </reporter-output>
        </test-method> <!-- close -->
      </class> <!-- com.bridgelabz.seleniumkeys.AppTest -->
    </test> <!-- Default test -->
  </suite> <!-- Default suite -->
</testng-results>
