<?xml version="1.0" encoding="UTF-8"?>
<!-- Generated by org.testng.reporters.JUnitXMLReporter -->
<testsuite ignored="0" hostname="admin1-H110M-H" failures="0" tests="4" name="Default test" time="45.274" errors="0" timestamp="15 Jan 2020 12:34:44 GMT">
  <testcase classname="com.bridgelabz.seleniumkeys.AppTest" name="EmailIdTextFieldSeleted" time="12.025"/>
  <testcase classname="com.bridgelabz.seleniumkeys.AppTest" name="LoginTextFieldAlignment" time="11.976"/>
  <testcase classname="com.bridgelabz.seleniumkeys.AppTest" name="LoginTextFieldDisplayed" time="12.776"/>
  <testcase classname="com.bridgelabz.seleniumkeys.AppTest" name="LoginTextFieldEnabled" time="8.47"/>
</testsuite> <!-- Default test -->
