<?xml version="1.0" encoding="UTF-8"?>
<!-- Generated by org.testng.reporters.JUnitXMLReporter -->
<testsuite ignored="0" hostname="admin1-H110M-H" failures="0" tests="5" name="Default test" time="50.874" errors="0" timestamp="16 Jan 2020 06:38:28 GMT">
  <testcase classname="com.bridgelabz.seleniumkeys.AppTest" name="GameLinkValidation" time="9.932"/>
  <testcase classname="com.bridgelabz.seleniumkeys.AppTest" name="GenderRadioButtonSelected" time="7.604"/>
  <testcase classname="com.bridgelabz.seleniumkeys.AppTest" name="LoginTextFieldDisplayedEnabled" time="11.106"/>
  <testcase classname="com.bridgelabz.seleniumkeys.AppTest" name="RegistrationRadioButtonValidation" time="12.06"/>
  <testcase classname="com.bridgelabz.seleniumkeys.AppTest" name="LoginTextFieldAlignment" time="10.135"/>
</testsuite> <!-- Default test -->
